<?xml version="1.0" encoding="UTF-8"?>
<!-- Generated by org.testng.reporters.JUnitXMLReporter -->
<testsuite ignored="0" hostname="DESKTOP-B1SBRCM" failures="0" tests="8" name="Default test" time="75.683" errors="0" timestamp="2022-04-12T16:30:22 IST">
  <testcase classname="GoPadelLoginTest.GoPadelLoginTest" name="loginTest" time="1.335"/>
  <testcase classname="GoPadelLoginTest.GoPadelLoginTest" name="loginfunction" time="13.387"/>
  <testcase classname="GoPadelLoginTest.GoPadelLoginTest" name="loginfunction" time="13.141"/>
  <testcase classname="GoPadelLoginTest.GoPadelLoginTest" name="loginfunction" time="13.074"/>
  <testcase classname="GoPadelLoginTest.GoPadelLoginTest" name="loginfunction" time="12.602"/>
  <testcase classname="GoPadelLoginTest.GoPadelLoginTest" name="loginfunction" time="10.862"/>
  <testcase classname="GoPadelLoginTest.GoPadelLoginTest" name="main" time="5.867"/>
  <testcase classname="GoPadelLoginTest.GoPadelLoginTest" name="forgetPassword" time="5.295"/>
</testsuite> <!-- Default test -->
